[15:33:39] [Server thread/INFO]: Starting minecraft server version 1.8
[15:33:41] [Server thread/INFO]: Loading properties
[15:33:41] [Server thread/INFO]: Default game type: ADVENTURE
[15:33:41] [Server thread/INFO]: Generating keypair
[15:33:41] [Server thread/INFO]: Starting Minecraft server on *:25565
[15:33:41] [Server thread/WARN]: **** SERVER IS RUNNING IN OFFLINE/INSECURE MODE!
[15:33:41] [Server thread/WARN]: The server will make no attempt to authenticate usernames. Beware.
[15:33:41] [Server thread/WARN]: While this makes the game possible to play without internet access, it also opens up the ability for hackers to connect with any username they choose.
[15:33:41] [Server thread/WARN]: To change this, set "online-mode" to "true" in the server.properties file.
[15:33:41] [Server thread/INFO]: Preparing level "torneo"
[15:33:41] [Server thread/INFO]: Preparing start region for level 0
[15:33:42] [Server thread/INFO]: Done (0.781s)! For help, type "help" or "?"
[15:33:50] [Server thread/INFO]: [@: Set the time to 1000]
[15:33:50] [Server thread/INFO]: [@: Changing to clear weather]
[15:34:06] [Server thread/INFO]: ToBiik_[/127.135.168.66:39357] logged in with entity id 31 at (25.734648151377524, 25.896256530402248, 11.874096650012607)
[15:34:06] [Server thread/INFO]: ToBiik_ joined the game
[15:34:41] [Server thread/INFO]: [@: Given Saturation (ID 23) * 255 to ToBiik_ for 99999 seconds]
[15:34:41] [Server thread/INFO]: [@: Set the time to 1000]
[15:34:41] [Server thread/INFO]: [@: Changing to clear weather]
[15:35:32] [Server thread/INFO]: [@: Given Saturation (ID 23) * 255 to ToBiik_ for 99999 seconds]
[15:35:32] [Server thread/INFO]: [@: Set the time to 1000]
[15:35:32] [Server thread/INFO]: [@: Changing to clear weather]
[15:36:23] [Server thread/INFO]: [@: Given Saturation (ID 23) * 255 to ToBiik_ for 99999 seconds]
[15:36:23] [Server thread/INFO]: [@: Set the time to 1000]
[15:36:23] [Server thread/INFO]: [@: Changing to clear weather]
[15:37:14] [Server thread/INFO]: [@: Given Saturation (ID 23) * 255 to ToBiik_ for 99999 seconds]
[15:37:14] [Server thread/INFO]: [@: Set the time to 1000]
[15:37:14] [Server thread/INFO]: [@: Changing to clear weather]
[15:38:05] [Server thread/INFO]: [@: Given Saturation (ID 23) * 255 to ToBiik_ for 99999 seconds]
[15:38:05] [Server thread/INFO]: [@: Set the time to 1000]
[15:38:05] [Server thread/INFO]: [@: Changing to clear weather]
[15:38:57] [Server thread/INFO]: [@: Given Saturation (ID 23) * 255 to ToBiik_ for 99999 seconds]
[15:38:57] [Server thread/INFO]: [@: Set the time to 1000]
[15:38:57] [Server thread/INFO]: [@: Changing to clear weather]
[15:39:48] [Server thread/INFO]: [@: Given Saturation (ID 23) * 255 to ToBiik_ for 99999 seconds]
[15:39:48] [Server thread/INFO]: [@: Set the time to 1000]
[15:39:48] [Server thread/INFO]: [@: Changing to clear weather]
[15:40:39] [Server thread/INFO]: [@: Given Saturation (ID 23) * 255 to ToBiik_ for 99999 seconds]
[15:40:39] [Server thread/INFO]: [@: Set the time to 1000]
[15:40:39] [Server thread/INFO]: [@: Changing to clear weather]
[15:41:30] [Server thread/INFO]: [@: Given Saturation (ID 23) * 255 to ToBiik_ for 99999 seconds]
[15:41:30] [Server thread/INFO]: [@: Set the time to 1000]
[15:41:30] [Server thread/INFO]: [@: Changing to clear weather]
[15:41:41] [Server thread/INFO]: Stopping server
[15:41:41] [Server thread/INFO]: Saving players
[15:41:41] [Server thread/INFO]: Saving worlds
[15:41:41] [Server thread/INFO]: Saving chunks for level 'torneo'/Overworld
[15:41:41] [Server thread/INFO]: Saving chunks for level 'torneo'/Nether
[15:41:41] [Server thread/INFO]: Saving chunks for level 'torneo'/The End
